<?xml version="1.0" encoding="UTF-8"?>
<!-- Generated by org.testng.reporters.JUnitXMLReporter -->
<testsuite ignored="0" hostname="Manjunath" failures="0" tests="3" name="Default test" time="9.158" errors="0" timestamp="24 Sep 2021 15:46:35 GMT">
  <testcase classname="threadSafety.Script" name="testCase1" time="0.007"/>
  <testcase classname="threadSafety.Script" name="testCase2" time="0.002"/>
  <testcase classname="threadSafety.Script" name="testCase3" time="0.001"/>
</testsuite> <!-- Default test -->
