<?xml version="1.0" encoding="UTF-8"?>
<!-- Generated by org.testng.reporters.JUnitXMLReporter -->
<testsuite ignored="0" hostname="Manjunath" failures="0" tests="10" name="Test" time="83.884" errors="0" timestamp="24 Sep 2021 16:23:16 GMT">
  <testcase classname="dataProvidersParallel.Script" name="createContact" time="14.013"/>
  <testcase classname="dataProvidersParallel.Script" name="createContact" time="13.47"/>
  <testcase classname="dataProvidersParallel.Script" name="createContact" time="13.868"/>
  <testcase classname="dataProvidersParallel.Script" name="createContact" time="13.5"/>
  <testcase classname="dataProvidersParallel.Script" name="createContact" time="14.34"/>
  <testcase classname="dataProvidersParallel.Script" name="createContact" time="14.393"/>
  <testcase classname="dataProvidersParallel.Script" name="createContact" time="14.629"/>
  <testcase classname="dataProvidersParallel.Script" name="createContact" time="14.443"/>
  <testcase classname="dataProvidersParallel.Script" name="createContact" time="13.903"/>
  <testcase classname="dataProvidersParallel.Script" name="createContact" time="6.703"/>
</testsuite> <!-- Test -->
