<?xml version="1.0" encoding="UTF-8"?>
<testng-results ignored="0" total="3" passed="2" failed="1" skipped="0">
  <reporter-output>
  </reporter-output>
  <suite started-at="2021-09-25T15:36:46Z" name="Suite" finished-at="2021-09-25T15:36:52Z" duration-ms="6669">
    <groups>
    </groups>
    <test started-at="2021-09-25T15:36:46Z" name="Test" finished-at="2021-09-25T15:36:52Z" duration-ms="6669">
      <class name="extentReports_In_Framework_Listeners_Scrnsht.Script">
        <test-method is-config="true" signature="configBC()[pri:0, instance:extentReports_In_Framework_Listeners_Scrnsht.Script@233fe9b6]" started-at="2021-09-25T15:36:46Z" name="configBC" finished-at="2021-09-25T15:36:46Z" duration-ms="6" status="PASS">
          <reporter-output>
          </reporter-output>
        </test-method> <!-- configBC -->
        <test-method is-config="true" signature="configBM()[pri:0, instance:extentReports_In_Framework_Listeners_Scrnsht.Script@233fe9b6]" started-at="2021-09-25T15:36:46Z" name="configBM" finished-at="2021-09-25T15:36:51Z" duration-ms="4795" status="PASS">
          <reporter-output>
          </reporter-output>
        </test-method> <!-- configBM -->
        <test-method is-config="true" signature="configBM()[pri:0, instance:extentReports_In_Framework_Listeners_Scrnsht.Script@233fe9b6]" started-at="2021-09-25T15:36:46Z" name="configBM" finished-at="2021-09-25T15:36:50Z" duration-ms="4272" status="PASS">
          <reporter-output>
          </reporter-output>
        </test-method> <!-- configBM -->
        <test-method is-config="true" signature="configBM()[pri:0, instance:extentReports_In_Framework_Listeners_Scrnsht.Script@233fe9b6]" started-at="2021-09-25T15:36:46Z" name="configBM" finished-at="2021-09-25T15:36:50Z" duration-ms="3975" status="PASS">
          <reporter-output>
          </reporter-output>
        </test-method> <!-- configBM -->
        <test-method signature="createContact()[pri:0, instance:extentReports_In_Framework_Listeners_Scrnsht.Script@233fe9b6]" started-at="2021-09-25T15:36:50Z" name="createContact" description="Create Contact Description" finished-at="2021-09-25T15:36:50Z" duration-ms="23" status="PASS">
          <reporter-output>
          </reporter-output>
        </test-method> <!-- createContact -->
        <test-method is-config="true" signature="configAM(java.lang.reflect.Method, org.testng.ITestResult)[pri:0, instance:extentReports_In_Framework_Listeners_Scrnsht.Script@233fe9b6]" started-at="2021-09-25T15:36:50Z" name="configAM" finished-at="2021-09-25T15:36:52Z" duration-ms="1488" status="PASS">
          <params>
            <param index="0">
              <value>
                <![CDATA[public void extentReports_In_Framework_Listeners_Scrnsht.Script.createContact()]]>
              </value>
            </param>
            <param index="1">
              <value>
                <![CDATA[[TestResult name=createContact status=SUCCESS method=Script.createContact()[pri:0, instance:extentReports_In_Framework_Listeners_Scrnsht.Script@233fe9b6] output={null}]]]>
              </value>
            </param>
          </params>
          <reporter-output>
          </reporter-output>
        </test-method> <!-- configAM -->
        <test-method signature="deleteContact()[pri:0, instance:extentReports_In_Framework_Listeners_Scrnsht.Script@233fe9b6]" started-at="2021-09-25T15:36:50Z" name="deleteContact" description="Delete Contact Description" finished-at="2021-09-25T15:36:50Z" duration-ms="2" status="PASS">
          <reporter-output>
          </reporter-output>
        </test-method> <!-- deleteContact -->
        <test-method is-config="true" signature="configAM(java.lang.reflect.Method, org.testng.ITestResult)[pri:0, instance:extentReports_In_Framework_Listeners_Scrnsht.Script@233fe9b6]" started-at="2021-09-25T15:36:50Z" name="configAM" finished-at="2021-09-25T15:36:52Z" duration-ms="1217" status="PASS">
          <params>
            <param index="0">
              <value>
                <![CDATA[public void extentReports_In_Framework_Listeners_Scrnsht.Script.deleteContact()]]>
              </value>
            </param>
            <param index="1">
              <value>
                <![CDATA[[TestResult name=deleteContact status=SUCCESS method=Script.deleteContact()[pri:0, instance:extentReports_In_Framework_Listeners_Scrnsht.Script@233fe9b6] output={null}]]]>
              </value>
            </param>
          </params>
          <reporter-output>
          </reporter-output>
        </test-method> <!-- configAM -->
        <test-method signature="updateContact()[pri:0, instance:extentReports_In_Framework_Listeners_Scrnsht.Script@233fe9b6]" started-at="2021-09-25T15:36:51Z" name="updateContact" description="Update Contact Description" finished-at="2021-09-25T15:36:51Z" duration-ms="3" status="FAIL">
          <exception class="java.lang.AssertionError">
            <message>
              <![CDATA[expected [true] but found [false]]]>
            </message>
            <full-stacktrace>
              <![CDATA[java.lang.AssertionError: expected [true] but found [false]
at org.testng.Assert.fail(Assert.java:96)
at org.testng.Assert.failNotEquals(Assert.java:776)
at org.testng.Assert.assertTrue(Assert.java:44)
at org.testng.Assert.assertTrue(Assert.java:54)
at extentReports_In_Framework_Listeners_Scrnsht.Script.updateContact(Script.java:19)
at java.base/jdk.internal.reflect.NativeMethodAccessorImpl.invoke0(Native Method)
at java.base/jdk.internal.reflect.NativeMethodAccessorImpl.invoke(NativeMethodAccessorImpl.java:64)
at java.base/jdk.internal.reflect.DelegatingMethodAccessorImpl.invoke(DelegatingMethodAccessorImpl.java:43)
at java.base/java.lang.reflect.Method.invoke(Method.java:564)
at org.testng.internal.MethodInvocationHelper.invokeMethod(MethodInvocationHelper.java:124)
at org.testng.internal.Invoker.invokeMethod(Invoker.java:583)
at org.testng.internal.Invoker.invokeTestMethod(Invoker.java:719)
at org.testng.internal.Invoker.invokeTestMethods(Invoker.java:989)
at org.testng.internal.TestMethodWorker.invokeTestMethods(TestMethodWorker.java:125)
at org.testng.internal.TestMethodWorker.run(TestMethodWorker.java:109)
at java.base/java.util.concurrent.ThreadPoolExecutor.runWorker(ThreadPoolExecutor.java:1130)
at java.base/java.util.concurrent.ThreadPoolExecutor$Worker.run(ThreadPoolExecutor.java:630)
at java.base/java.lang.Thread.run(Thread.java:832)
]]>
            </full-stacktrace>
          </exception> <!-- java.lang.AssertionError -->
          <reporter-output>
          </reporter-output>
        </test-method> <!-- updateContact -->
        <test-method is-config="true" signature="configAM(java.lang.reflect.Method, org.testng.ITestResult)[pri:0, instance:extentReports_In_Framework_Listeners_Scrnsht.Script@233fe9b6]" started-at="2021-09-25T15:36:52Z" name="configAM" finished-at="2021-09-25T15:36:52Z" duration-ms="829" status="PASS">
          <params>
            <param index="0">
              <value>
                <![CDATA[public void extentReports_In_Framework_Listeners_Scrnsht.Script.updateContact()]]>
              </value>
            </param>
            <param index="1">
              <value>
                <![CDATA[[TestResult name=updateContact status=FAILURE method=Script.updateContact()[pri:0, instance:extentReports_In_Framework_Listeners_Scrnsht.Script@233fe9b6] output={null}]]]>
              </value>
            </param>
          </params>
          <reporter-output>
          </reporter-output>
        </test-method> <!-- configAM -->
        <test-method is-config="true" signature="configAC()[pri:0, instance:extentReports_In_Framework_Listeners_Scrnsht.Script@233fe9b6]" started-at="2021-09-25T15:36:52Z" name="configAC" finished-at="2021-09-25T15:36:52Z" duration-ms="0" status="PASS">
          <reporter-output>
          </reporter-output>
        </test-method> <!-- configAC -->
      </class> <!-- extentReports_In_Framework_Listeners_Scrnsht.Script -->
    </test> <!-- Test -->
  </suite> <!-- Suite -->
</testng-results>
